Command line:
   tb_isim_beh.exe
     -simmode  gui
     -simrunnum  0
     -socket  2671

Fri Oct 18 21:04:55 2019


 Elaboration Time: 0.125 sec

 Current Memory Usage: 5180.11 Meg

 Total Signals          : 18
 Total Nets             : 21
 Total Signal Drivers   : 10
 Total Blocks           : 3
 Total Primitive Blocks : 2
 Total Processes        : 17
 Total Traceable Variables  : 29
 Total Scalar Nets and Variables : 121
Total Line Count : 60

 Total Simulation Time: 0.1875 sec

 Current Memory Usage: 5022.83 Meg

Fri Oct 18 21:06:19 2019

