Command line:
   tb_isim_beh.exe
     -simmode  gui
     -simrunnum  0
     -socket  9972

Sat Oct 12 13:56:33 2019


 Elaboration Time: 0.03125 sec

 Current Memory Usage: 5164.08 Meg

 Total Signals          : 16
 Total Nets             : 20
 Total Signal Drivers   : 8
 Total Blocks           : 3
 Total Primitive Blocks : 2
 Total Processes        : 12
 Total Traceable Variables  : 21
 Total Scalar Nets and Variables : 107
Total Line Count : 30

 Total Simulation Time: 0.046875 sec

 Current Memory Usage: 4692.22 Meg

Sat Oct 12 15:25:11 2019

