Command line:
   sync_isim_beh.exe
     -simmode  gui
     -simrunnum  0
     -socket  4461

Sat Oct 19 23:07:13 2019


 Elaboration Time: 0.125 sec

 Current Memory Usage: 5180.13 Meg

 Total Signals          : 15
 Total Nets             : 16
 Total Signal Drivers   : 6
 Total Blocks           : 2
 Total Primitive Blocks : 2
 Total Processes        : 9
 Total Traceable Variables  : 22
 Total Scalar Nets and Variables : 162
Total Line Count : 25

 Total Simulation Time: 0.21875 sec

 Current Memory Usage: 5180.13 Meg

Sat Oct 19 23:07:25 2019

