Command line:
   prescaler_isim_beh.exe
     -simmode  gui
     -simrunnum  0
     -socket  8933

Sat Oct 12 12:51:17 2019


 Elaboration Time: 0.015625 sec

 Current Memory Usage: 5164.66 Meg

 Total Signals          : 15
 Total Nets             : 16
 Total Signal Drivers   : 6
 Total Blocks           : 2
 Total Primitive Blocks : 2
 Total Processes        : 8
 Total Traceable Variables  : 20
 Total Scalar Nets and Variables : 129
Total Line Count : 23

 Total Simulation Time: 0.015625 sec

 Current Memory Usage: 5164.66 Meg

Sat Oct 12 12:51:19 2019

