Command line:
   comparator_tb_isim_beh.exe
     -simmode  gui
     -simrunnum  0
     -socket  6244

Tue Oct 01 22:38:33 2019


 Elaboration Time: 0.0625 sec

 Current Memory Usage: 5164.11 Meg

 Total Signals          : 21
 Total Nets             : 24
 Total Signal Drivers   : 10
 Total Blocks           : 3
 Total Primitive Blocks : 2
 Total Processes        : 12
 Total Traceable Variables  : 20
 Total Scalar Nets and Variables : 112
Total Line Count : 33

 Total Simulation Time: 0.0625 sec

 Current Memory Usage: 5164.11 Meg

Tue Oct 01 22:38:51 2019

