Command line:
   decoder_tb_isim_beh.exe
     -simmode  gui
     -simrunnum  1
     -socket  3433

Wed Oct 02 19:15:37 2019


 Elaboration Time: 0.015625 sec
 Current Memory Usage: 5164.71 Meg

 Total Signals          : 15
 Total Nets             : 19
 Total Signal Drivers   : 7
 Total Blocks           : 3
 Total Primitive Blocks : 2
 Total Processes        : 10
 Total Traceable Variables  : 20
 Total Scalar Nets and Variables : 105
Total Line Count : 27

 Total Simulation Time: 0.03125 sec

 Current Memory Usage: 4692.85 Meg

Wed Oct 02 19:45:17 2019


