Command line:
   encoder42_isim_beh.exe
     -simmode  gui
     -simrunnum  0
     -socket  13760

Sun Oct 06 23:58:25 2019


 Elaboration Time: 0.015625 sec

 Current Memory Usage: 5164.13 Meg

 Total Signals          : 15
 Total Nets             : 19
 Total Signal Drivers   : 7
 Total Blocks           : 2
 Total Primitive Blocks : 2
 Total Processes        : 8
 Total Traceable Variables  : 18
 Total Scalar Nets and Variables : 99
Total Line Count : 14

 Total Simulation Time: 0.046875 sec

 Current Memory Usage: 5164.13 Meg

Sun Oct 06 23:58:30 2019

