Running: D:\Xilinx\14.7\ISE_DS\ISE\bin\nt64\unwrapped\fuse.exe -intstyle ise -incremental -lib unisims_ver -lib unimacro_ver -lib xilinxcorelib_ver -o D:/Xilinx/zip/lab_04/four_bit_comparator/comparator_tb_isim_beh.exe -prj D:/Xilinx/zip/lab_04/four_bit_comparator/comparator_tb_beh.prj work.comparator_tb work.glbl 
ISim P.20131013 (signature 0x7708f090)
Number of CPUs detected in this system: 12
Turning on mult-threading, number of parallel sub-compilation jobs: 24 
Determining compilation order of HDL files
Analyzing Verilog file "D:/Xilinx/zip/lab_04/four_bit_comparator/four_bit_comparator.v" into library work
Analyzing Verilog file "D:/Xilinx/zip/lab_04/four_bit_comparator/comparator_tb.v" into library work
Analyzing Verilog file "D:/Xilinx/14.7/ISE_DS/ISE//verilog/src/glbl.v" into library work
Starting static elaboration
Completed static elaboration
Compiling module four_bit_comparator
Compiling module comparator_tb
Compiling module glbl
Time Resolution for simulation is 1ps.
Waiting for 1 sub-compilation(s) to finish...
WARNING:Simulator - Unable to copy libPortabilityNOSH.dll to the simulation executable directory: boost::filesystem::copy_file: 지정된 경로를 찾을 수 없습니다, "isim\comparator_tb_isim_beh.exe.sim\libPortability.dll".
Compiled 3 Verilog Units
Built simulation executable D:/Xilinx/zip/lab_04/four_bit_comparator/comparator_tb_isim_beh.exe
Fuse Memory Usage: 26876 KB
Fuse CPU Usage: 327 ms
