Command line:
   tb_isim_beh.exe
     -simmode  gui
     -simrunnum  0
     -socket  12915

Thu Oct 03 11:11:50 2019


 Elaboration Time: 0.015625 sec

 Current Memory Usage: 5164.12 Meg

 Total Signals          : 16
 Total Nets             : 18
 Total Signal Drivers   : 7
 Total Blocks           : 3
 Total Primitive Blocks : 2
 Total Processes        : 10
 Total Traceable Variables  : 19
 Total Scalar Nets and Variables : 102
Total Line Count : 19

 Total Simulation Time: 0.03125 sec

 Current Memory Usage: 5164.12 Meg

Thu Oct 03 11:11:56 2019

