Command line:
   encoder42_tb_isim_beh.exe
     -simmode  gui
     -simrunnum  0
     -socket  13763

Sun Oct 06 23:58:37 2019


 Elaboration Time: 0.015625 sec

 Current Memory Usage: 5164.09 Meg

 Total Signals          : 16
 Total Nets             : 19
 Total Signal Drivers   : 8
 Total Blocks           : 3
 Total Primitive Blocks : 2
 Total Processes        : 10
 Total Traceable Variables  : 19
 Total Scalar Nets and Variables : 103
Total Line Count : 20

 Total Simulation Time: 0.015625 sec

 Current Memory Usage: 5164.09 Meg

Sun Oct 06 23:58:51 2019

