Command line:
   encoder_tb_isim_beh.exe
     -simmode  gui
     -simrunnum  0
     -socket  9442

Sun Oct 06 18:01:25 2019


 Elaboration Time: 0.03125 sec

 Current Memory Usage: 5164.7 Meg

 Total Signals          : 16
 Total Nets             : 19
 Total Signal Drivers   : 8
 Total Blocks           : 3
 Total Primitive Blocks : 2
 Total Processes        : 11
 Total Traceable Variables  : 19
 Total Scalar Nets and Variables : 103
Total Line Count : 20

 Total Simulation Time: 0.03125 sec

 Current Memory Usage: 4692.84 Meg

Sun Oct 06 18:18:45 2019

