Command line:
   tb_isim_beh.exe
     -simmode  gui
     -simrunnum  0
     -socket  9073

Wed Oct 23 11:31:37 2019


 Elaboration Time: 0.015625 sec

 Current Memory Usage: 5164.64 Meg

 Total Signals          : 15
 Total Nets             : 25
 Total Signal Drivers   : 7
 Total Blocks           : 3
 Total Primitive Blocks : 2
 Total Processes        : 11
 Total Traceable Variables  : 20
 Total Scalar Nets and Variables : 117
Total Line Count : 30

 Total Simulation Time: 0.078125 sec

 Current Memory Usage: 4692.78 Meg

Wed Oct 23 12:19:50 2019

