Command line:
   tb_isim_beh.exe
     -simmode  gui
     -simrunnum  0
     -socket  2929

Mon Oct 21 21:58:43 2019


 Elaboration Time: 0.421875 sec

 Current Memory Usage: 5179.51 Meg

 Total Signals          : 18
 Total Nets             : 21
 Total Signal Drivers   : 10
 Total Blocks           : 3
 Total Primitive Blocks : 2
 Total Processes        : 19
 Total Traceable Variables  : 31
 Total Scalar Nets and Variables : 117
Total Line Count : 50

 Total Simulation Time: 0.453125 sec

 Current Memory Usage: 5022.22 Meg

Mon Oct 21 22:05:45 2019

