Command line:
   tb_isim_beh.exe
     -simmode  gui
     -simrunnum  0
     -socket  7976

Sat Oct 12 11:50:21 2019


 Elaboration Time: 0.03125 sec

 Current Memory Usage: 5164.13 Meg

 Total Signals          : 17
 Total Nets             : 20
 Total Signal Drivers   : 9
 Total Blocks           : 3
 Total Primitive Blocks : 2
 Total Processes        : 13
 Total Traceable Variables  : 22
 Total Scalar Nets and Variables : 107
Total Line Count : 29

 Total Simulation Time: 0.03125 sec

 Current Memory Usage: 4692.27 Meg

Sat Oct 12 12:00:24 2019

