Command line:
   tb_isim_beh.exe
     -simmode  gui
     -simrunnum  0
     -socket  1411

Tue Oct 22 22:05:29 2019


 Elaboration Time: 0.015625 sec

 Current Memory Usage: 5164.11 Meg

 Total Signals          : 16
 Total Nets             : 16
 Total Signal Drivers   : 8
 Total Blocks           : 3
 Total Primitive Blocks : 2
 Total Processes        : 13
 Total Traceable Variables  : 22
 Total Scalar Nets and Variables : 100
Total Line Count : 24

 Total Simulation Time: 0.0625 sec

 Current Memory Usage: 5164.11 Meg

Tue Oct 22 22:05:41 2019

