Release 14.7 - xst P.20131013 (nt64)
Copyright (c) 1995-2013 Xilinx, Inc.  All rights reserved.
--> Parameter TMPDIR set to xst/projnav.tmp


Total REAL time to Xst completion: 0.00 secs
Total CPU time to Xst completion: 0.13 secs
 
--> Parameter xsthdpdir set to xst


Total REAL time to Xst completion: 0.00 secs
Total CPU time to Xst completion: 0.14 secs
 
--> Reading design: sync.prj

TABLE OF CONTENTS
  1) Synthesis Options Summary
  2) HDL Compilation
  3) Design Hierarchy Analysis
  4) HDL Analysis
  5) HDL Synthesis
     5.1) HDL Synthesis Report
  6) Advanced HDL Synthesis
     6.1) Advanced HDL Synthesis Report
  7) Low Level Synthesis
  8) Partition Report
  9) Final Report
	9.1) Device utilization summary
	9.2) Partition Resource Summary
	9.3) TIMING REPORT


=========================================================================
*                      Synthesis Options Summary                        *
=========================================================================
---- Source Parameters
Input File Name                    : "sync.prj"
Input Format                       : mixed
Ignore Synthesis Constraint File   : NO

---- Target Parameters
Output File Name                   : "sync"
Output Format                      : NGC
Target Device                      : xc3s200-4-pq208

---- Source Options
Top Module Name                    : sync
Automatic FSM Extraction           : YES
FSM Encoding Algorithm             : Auto
Safe Implementation                : No
FSM Style                          : LUT
RAM Extraction                     : Yes
RAM Style                          : Auto
ROM Extraction                     : Yes
Mux Style                          : Auto
Decoder Extraction                 : YES
Priority Encoder Extraction        : Yes
Shift Register Extraction          : YES
Logical Shifter Extraction         : YES
XOR Collapsing                     : YES
ROM Style                          : Auto
Mux Extraction                     : Yes
Resource Sharing                   : YES
Asynchronous To Synchronous        : NO
Multiplier Style                   : Auto
Automatic Register Balancing       : No

---- Target Options
Add IO Buffers                     : YES
Global Maximum Fanout              : 100000
Add Generic Clock Buffer(BUFG)     : 8
Register Duplication               : YES
Slice Packing                      : YES
Optimize Instantiated Primitives   : NO
Use Clock Enable                   : Yes
Use Synchronous Set                : Yes
Use Synchronous Reset              : Yes
Pack IO Registers into IOBs        : Auto
Equivalent register Removal        : YES

---- General Options
Optimization Goal                  : Speed
Optimization Effort                : 1
Keep Hierarchy                     : No
Netlist Hierarchy                  : As_Optimized
RTL Output                         : Yes
Global Optimization                : AllClockNets
Read Cores                         : YES
Write Timing Constraints           : NO
Cross Clock Analysis               : NO
Hierarchy Separator                : /
Bus Delimiter                      : <>
Case Specifier                     : Maintain
Slice Utilization Ratio            : 100
BRAM Utilization Ratio             : 100
Verilog 2001                       : YES
Auto BRAM Packing                  : NO
Slice Utilization Ratio Delta      : 5

=========================================================================


=========================================================================
*                          HDL Compilation                              *
=========================================================================
Compiling verilog file "a.v" in library work
Module <sync> compiled
No errors in compilation
Analysis of file <"sync.prj"> succeeded.
 

=========================================================================
*                     Design Hierarchy Analysis                         *
=========================================================================
Analyzing hierarchy for module <sync> in library <work>.


=========================================================================
*                            HDL Analysis                               *
=========================================================================
Analyzing top module <sync>.
Module <sync> is correct for synthesis.
 

=========================================================================
*                           HDL Synthesis                               *
=========================================================================

Performing bidirectional port resolution...

Synthesizing Unit <sync>.
    Related source file is "a.v".
WARNING:Xst:737 - Found 1-bit latch for signal <can_sync>. Latches may be generated from incomplete case or if statements. We do not recommend the use of latches in FPGA/CPLD designs, as they may lead to timing problems.
WARNING:Xst:737 - Found 32-bit latch for signal <i>. Latches may be generated from incomplete case or if statements. We do not recommend the use of latches in FPGA/CPLD designs, as they may lead to timing problems.
    Found 1-bit register for signal <input_sync>.
    Found 32-bit up counter for signal <count>.
    Found 32-bit adder for signal <i$add0000> created at line 32.
    Found 32-bit comparator less for signal <input_sync$cmp_lt0000> created at line 40.
    Summary:
	inferred   1 Counter(s).
	inferred   1 D-type flip-flop(s).
	inferred   1 Adder/Subtractor(s).
	inferred   1 Comparator(s).
Unit <sync> synthesized.


=========================================================================
HDL Synthesis Report

Macro Statistics
# Adders/Subtractors                                   : 1
 32-bit adder                                          : 1
# Counters                                             : 1
 32-bit up counter                                     : 1
# Registers                                            : 1
 1-bit register                                        : 1
# Latches                                              : 2
 1-bit latch                                           : 1
 32-bit latch                                          : 1
# Comparators                                          : 1
 32-bit comparator less                                : 1

=========================================================================

=========================================================================
*                       Advanced HDL Synthesis                          *
=========================================================================


=========================================================================
Advanced HDL Synthesis Report

Macro Statistics
# Adders/Subtractors                                   : 1
 32-bit adder                                          : 1
# Counters                                             : 1
 32-bit up counter                                     : 1
# Registers                                            : 1
 Flip-Flops                                            : 1
# Latches                                              : 2
 1-bit latch                                           : 1
 32-bit latch                                          : 1
# Comparators                                          : 1
 32-bit comparator less                                : 1

=========================================================================

=========================================================================
*                         Low Level Synthesis                           *
=========================================================================

Optimizing unit <sync> ...

Mapping all equations...
Building and optimizing final netlist ...
Found area constraint ratio of 100 (+ 5) on block sync, actual ratio is 3.

Final Macro Processing ...

=========================================================================
Final Register Report

Macro Statistics
# Registers                                            : 33
 Flip-Flops                                            : 33

=========================================================================

=========================================================================
*                           Partition Report                            *
=========================================================================

Partition Implementation Status
-------------------------------

  No Partitions were found in this design.

-------------------------------

=========================================================================
*                            Final Report                               *
=========================================================================
Final Results
RTL Top Level Output File Name     : sync.ngr
Top Level Output File Name         : sync
Output Format                      : NGC
Optimization Goal                  : Speed
Keep Hierarchy                     : No

Design Statistics
# IOs                              : 3

Cell Usage :
# BELS                             : 260
#      GND                         : 1
#      INV                         : 4
#      LUT1                        : 62
#      LUT2                        : 34
#      MUXCY                       : 94
#      VCC                         : 1
#      XORCY                       : 64
# FlipFlops/Latches                : 66
#      FDE                         : 32
#      FDR_1                       : 1
#      LDE                         : 32
#      LDP                         : 1
# Clock Buffers                    : 2
#      BUFG                        : 1
#      BUFGP                       : 1
# IO Buffers                       : 2
#      IBUF                        : 1
#      OBUF                        : 1
=========================================================================

Device utilization summary:
---------------------------

Selected Device : 3s200pq208-4 

 Number of Slices:                       58  out of   1920     3%  
 Number of Slice Flip Flops:             66  out of   3840     1%  
 Number of 4 input LUTs:                100  out of   3840     2%  
 Number of IOs:                           3
 Number of bonded IOBs:                   3  out of    141     2%  
 Number of GCLKs:                         2  out of      8    25%  

---------------------------
Partition Resource Summary:
---------------------------

  No Partitions were found in this design.

---------------------------


=========================================================================
TIMING REPORT

NOTE: THESE TIMING NUMBERS ARE ONLY A SYNTHESIS ESTIMATE.
      FOR ACCURATE TIMING INFORMATION PLEASE REFER TO THE TRACE REPORT
      GENERATED AFTER PLACE-and-ROUTE.

Clock Information:
------------------
-----------------------------------+------------------------+-------+
Clock Signal                       | Clock buffer(FF name)  | Load  |
-----------------------------------+------------------------+-------+
clk                                | BUFGP                  | 33    |
can_sync1                          | BUFG                   | 33    |
-----------------------------------+------------------------+-------+

Asynchronous Control Signals Information:
----------------------------------------
-----------------------------------------------+------------------------+-------+
Control Signal                                 | Buffer(FF name)        | Load  |
-----------------------------------------------+------------------------+-------+
can_sync_0_not0000(can_sync_0_not00001_INV_0:O)| NONE(can_sync)         | 1     |
-----------------------------------------------+------------------------+-------+

Timing Summary:
---------------
Speed Grade: -4

   Minimum period: 9.144ns (Maximum Frequency: 109.360MHz)
   Minimum input arrival time before clock: 3.282ns
   Maximum output required time after clock: 7.271ns
   Maximum combinational path delay: No path found

Timing Detail:
--------------
All values displayed in nanoseconds (ns)

=========================================================================
Timing constraint: Default period analysis for Clock 'clk'
  Clock period: 9.144ns (frequency: 109.360MHz)
  Total number of paths / destination ports: 2640 / 65
-------------------------------------------------------------------------
Delay:               9.144ns (Levels of Logic = 34)
  Source:            count_0 (FF)
  Destination:       count_0 (FF)
  Source Clock:      clk falling
  Destination Clock: clk falling

  Data Path: count_0 to count_0
                                Gate     Net
    Cell:in->out      fanout   Delay   Delay  Logical Name (Net Name)
    ----------------------------------------  ------------
     FDE:C->Q              2   0.720   1.072  count_0 (count_0)
     LUT2:I1->O            1   0.551   0.000  Mcompar_input_sync_cmp_lt0000_lut<0> (Mcompar_input_sync_cmp_lt0000_lut<0>)
     MUXCY:S->O            1   0.500   0.000  Mcompar_input_sync_cmp_lt0000_cy<0> (Mcompar_input_sync_cmp_lt0000_cy<0>)
     MUXCY:CI->O           1   0.064   0.000  Mcompar_input_sync_cmp_lt0000_cy<1> (Mcompar_input_sync_cmp_lt0000_cy<1>)
     MUXCY:CI->O           1   0.064   0.000  Mcompar_input_sync_cmp_lt0000_cy<2> (Mcompar_input_sync_cmp_lt0000_cy<2>)
     MUXCY:CI->O           1   0.064   0.000  Mcompar_input_sync_cmp_lt0000_cy<3> (Mcompar_input_sync_cmp_lt0000_cy<3>)
     MUXCY:CI->O           1   0.064   0.000  Mcompar_input_sync_cmp_lt0000_cy<4> (Mcompar_input_sync_cmp_lt0000_cy<4>)
     MUXCY:CI->O           1   0.064   0.000  Mcompar_input_sync_cmp_lt0000_cy<5> (Mcompar_input_sync_cmp_lt0000_cy<5>)
     MUXCY:CI->O           1   0.064   0.000  Mcompar_input_sync_cmp_lt0000_cy<6> (Mcompar_input_sync_cmp_lt0000_cy<6>)
     MUXCY:CI->O           1   0.064   0.000  Mcompar_input_sync_cmp_lt0000_cy<7> (Mcompar_input_sync_cmp_lt0000_cy<7>)
     MUXCY:CI->O           1   0.064   0.000  Mcompar_input_sync_cmp_lt0000_cy<8> (Mcompar_input_sync_cmp_lt0000_cy<8>)
     MUXCY:CI->O           1   0.064   0.000  Mcompar_input_sync_cmp_lt0000_cy<9> (Mcompar_input_sync_cmp_lt0000_cy<9>)
     MUXCY:CI->O           1   0.064   0.000  Mcompar_input_sync_cmp_lt0000_cy<10> (Mcompar_input_sync_cmp_lt0000_cy<10>)
     MUXCY:CI->O           1   0.064   0.000  Mcompar_input_sync_cmp_lt0000_cy<11> (Mcompar_input_sync_cmp_lt0000_cy<11>)
     MUXCY:CI->O           1   0.064   0.000  Mcompar_input_sync_cmp_lt0000_cy<12> (Mcompar_input_sync_cmp_lt0000_cy<12>)
     MUXCY:CI->O           1   0.064   0.000  Mcompar_input_sync_cmp_lt0000_cy<13> (Mcompar_input_sync_cmp_lt0000_cy<13>)
     MUXCY:CI->O           1   0.064   0.000  Mcompar_input_sync_cmp_lt0000_cy<14> (Mcompar_input_sync_cmp_lt0000_cy<14>)
     MUXCY:CI->O           1   0.064   0.000  Mcompar_input_sync_cmp_lt0000_cy<15> (Mcompar_input_sync_cmp_lt0000_cy<15>)
     MUXCY:CI->O           1   0.064   0.000  Mcompar_input_sync_cmp_lt0000_cy<16> (Mcompar_input_sync_cmp_lt0000_cy<16>)
     MUXCY:CI->O           1   0.064   0.000  Mcompar_input_sync_cmp_lt0000_cy<17> (Mcompar_input_sync_cmp_lt0000_cy<17>)
     MUXCY:CI->O           1   0.064   0.000  Mcompar_input_sync_cmp_lt0000_cy<18> (Mcompar_input_sync_cmp_lt0000_cy<18>)
     MUXCY:CI->O           1   0.064   0.000  Mcompar_input_sync_cmp_lt0000_cy<19> (Mcompar_input_sync_cmp_lt0000_cy<19>)
     MUXCY:CI->O           1   0.064   0.000  Mcompar_input_sync_cmp_lt0000_cy<20> (Mcompar_input_sync_cmp_lt0000_cy<20>)
     MUXCY:CI->O           1   0.064   0.000  Mcompar_input_sync_cmp_lt0000_cy<21> (Mcompar_input_sync_cmp_lt0000_cy<21>)
     MUXCY:CI->O           1   0.064   0.000  Mcompar_input_sync_cmp_lt0000_cy<22> (Mcompar_input_sync_cmp_lt0000_cy<22>)
     MUXCY:CI->O           1   0.064   0.000  Mcompar_input_sync_cmp_lt0000_cy<23> (Mcompar_input_sync_cmp_lt0000_cy<23>)
     MUXCY:CI->O           1   0.064   0.000  Mcompar_input_sync_cmp_lt0000_cy<24> (Mcompar_input_sync_cmp_lt0000_cy<24>)
     MUXCY:CI->O           1   0.064   0.000  Mcompar_input_sync_cmp_lt0000_cy<25> (Mcompar_input_sync_cmp_lt0000_cy<25>)
     MUXCY:CI->O           1   0.064   0.000  Mcompar_input_sync_cmp_lt0000_cy<26> (Mcompar_input_sync_cmp_lt0000_cy<26>)
     MUXCY:CI->O           1   0.064   0.000  Mcompar_input_sync_cmp_lt0000_cy<27> (Mcompar_input_sync_cmp_lt0000_cy<27>)
     MUXCY:CI->O           1   0.064   0.000  Mcompar_input_sync_cmp_lt0000_cy<28> (Mcompar_input_sync_cmp_lt0000_cy<28>)
     MUXCY:CI->O           1   0.064   0.000  Mcompar_input_sync_cmp_lt0000_cy<29> (Mcompar_input_sync_cmp_lt0000_cy<29>)
     MUXCY:CI->O           1   0.064   0.000  Mcompar_input_sync_cmp_lt0000_cy<30> (Mcompar_input_sync_cmp_lt0000_cy<30>)
     MUXCY:CI->O           2   0.303   1.072  Mcompar_input_sync_cmp_lt0000_cy<31> (Mcompar_input_sync_cmp_lt0000_cy<31>)
     LUT2:I1->O           32   0.551   1.853  count_and00001 (count_and0000)
     FDE:CE                    0.602          count_0
    ----------------------------------------
    Total                      9.144ns (5.147ns logic, 3.997ns route)
                                       (56.3% logic, 43.7% route)

=========================================================================
Timing constraint: Default period analysis for Clock 'can_sync1'
  Clock period: 5.863ns (frequency: 170.561MHz)
  Total number of paths / destination ports: 528 / 32
-------------------------------------------------------------------------
Delay:               5.863ns (Levels of Logic = 32)
  Source:            i_1 (LATCH)
  Destination:       i_31 (LATCH)
  Source Clock:      can_sync1 falling
  Destination Clock: can_sync1 falling

  Data Path: i_1 to i_31
                                Gate     Net
    Cell:in->out      fanout   Delay   Delay  Logical Name (Net Name)
    ----------------------------------------  ------------
     LDE:G->Q              2   0.633   1.216  i_1 (i_1)
     LUT1:I0->O            1   0.551   0.000  Madd_i_add0000_cy<1>_rt (Madd_i_add0000_cy<1>_rt)
     MUXCY:S->O            1   0.500   0.000  Madd_i_add0000_cy<1> (Madd_i_add0000_cy<1>)
     MUXCY:CI->O           1   0.064   0.000  Madd_i_add0000_cy<2> (Madd_i_add0000_cy<2>)
     MUXCY:CI->O           1   0.064   0.000  Madd_i_add0000_cy<3> (Madd_i_add0000_cy<3>)
     MUXCY:CI->O           1   0.064   0.000  Madd_i_add0000_cy<4> (Madd_i_add0000_cy<4>)
     MUXCY:CI->O           1   0.064   0.000  Madd_i_add0000_cy<5> (Madd_i_add0000_cy<5>)
     MUXCY:CI->O           1   0.064   0.000  Madd_i_add0000_cy<6> (Madd_i_add0000_cy<6>)
     MUXCY:CI->O           1   0.064   0.000  Madd_i_add0000_cy<7> (Madd_i_add0000_cy<7>)
     MUXCY:CI->O           1   0.064   0.000  Madd_i_add0000_cy<8> (Madd_i_add0000_cy<8>)
     MUXCY:CI->O           1   0.064   0.000  Madd_i_add0000_cy<9> (Madd_i_add0000_cy<9>)
     MUXCY:CI->O           1   0.064   0.000  Madd_i_add0000_cy<10> (Madd_i_add0000_cy<10>)
     MUXCY:CI->O           1   0.064   0.000  Madd_i_add0000_cy<11> (Madd_i_add0000_cy<11>)
     MUXCY:CI->O           1   0.064   0.000  Madd_i_add0000_cy<12> (Madd_i_add0000_cy<12>)
     MUXCY:CI->O           1   0.064   0.000  Madd_i_add0000_cy<13> (Madd_i_add0000_cy<13>)
     MUXCY:CI->O           1   0.064   0.000  Madd_i_add0000_cy<14> (Madd_i_add0000_cy<14>)
     MUXCY:CI->O           1   0.064   0.000  Madd_i_add0000_cy<15> (Madd_i_add0000_cy<15>)
     MUXCY:CI->O           1   0.064   0.000  Madd_i_add0000_cy<16> (Madd_i_add0000_cy<16>)
     MUXCY:CI->O           1   0.064   0.000  Madd_i_add0000_cy<17> (Madd_i_add0000_cy<17>)
     MUXCY:CI->O           1   0.064   0.000  Madd_i_add0000_cy<18> (Madd_i_add0000_cy<18>)
     MUXCY:CI->O           1   0.064   0.000  Madd_i_add0000_cy<19> (Madd_i_add0000_cy<19>)
     MUXCY:CI->O           1   0.064   0.000  Madd_i_add0000_cy<20> (Madd_i_add0000_cy<20>)
     MUXCY:CI->O           1   0.064   0.000  Madd_i_add0000_cy<21> (Madd_i_add0000_cy<21>)
     MUXCY:CI->O           1   0.064   0.000  Madd_i_add0000_cy<22> (Madd_i_add0000_cy<22>)
     MUXCY:CI->O           1   0.064   0.000  Madd_i_add0000_cy<23> (Madd_i_add0000_cy<23>)
     MUXCY:CI->O           1   0.064   0.000  Madd_i_add0000_cy<24> (Madd_i_add0000_cy<24>)
     MUXCY:CI->O           1   0.064   0.000  Madd_i_add0000_cy<25> (Madd_i_add0000_cy<25>)
     MUXCY:CI->O           1   0.064   0.000  Madd_i_add0000_cy<26> (Madd_i_add0000_cy<26>)
     MUXCY:CI->O           1   0.064   0.000  Madd_i_add0000_cy<27> (Madd_i_add0000_cy<27>)
     MUXCY:CI->O           1   0.064   0.000  Madd_i_add0000_cy<28> (Madd_i_add0000_cy<28>)
     MUXCY:CI->O           1   0.064   0.000  Madd_i_add0000_cy<29> (Madd_i_add0000_cy<29>)
     MUXCY:CI->O           0   0.064   0.000  Madd_i_add0000_cy<30> (Madd_i_add0000_cy<30>)
     XORCY:CI->O           1   0.904   0.000  Madd_i_add0000_xor<31> (i_add0000<31>)
     LDE:D                     0.203          i_31
    ----------------------------------------
    Total                      5.863ns (4.647ns logic, 1.216ns route)
                                       (79.3% logic, 20.7% route)

=========================================================================
Timing constraint: Default OFFSET IN BEFORE for Clock 'can_sync1'
  Total number of paths / destination ports: 32 / 32
-------------------------------------------------------------------------
Offset:              3.282ns (Levels of Logic = 1)
  Source:            in (PAD)
  Destination:       i_0 (LATCH)
  Destination Clock: can_sync1 falling

  Data Path: in to i_0
                                Gate     Net
    Cell:in->out      fanout   Delay   Delay  Logical Name (Net Name)
    ----------------------------------------  ------------
     IBUF:I->O            33   0.821   1.859  in_IBUF (in_IBUF)
     LDE:GE                    0.602          i_31
    ----------------------------------------
    Total                      3.282ns (1.423ns logic, 1.859ns route)
                                       (43.4% logic, 56.6% route)

=========================================================================
Timing constraint: Default OFFSET OUT AFTER for Clock 'clk'
  Total number of paths / destination ports: 1 / 1
-------------------------------------------------------------------------
Offset:              7.271ns (Levels of Logic = 1)
  Source:            input_sync (FF)
  Destination:       input_sync (PAD)
  Source Clock:      clk falling

  Data Path: input_sync to input_sync
                                Gate     Net
    Cell:in->out      fanout   Delay   Delay  Logical Name (Net Name)
    ----------------------------------------  ------------
     FDR_1:C->Q            3   0.720   0.907  input_sync (input_sync_OBUF)
     OBUF:I->O                 5.644          input_sync_OBUF (input_sync)
    ----------------------------------------
    Total                      7.271ns (6.364ns logic, 0.907ns route)
                                       (87.5% logic, 12.5% route)

=========================================================================


Total REAL time to Xst completion: 6.00 secs
Total CPU time to Xst completion: 6.23 secs
 
--> 

Total memory usage is 4521892 kilobytes

Number of errors   :    0 (   0 filtered)
Number of warnings :    2 (   0 filtered)
Number of infos    :    0 (   0 filtered)

