Command line:
   tb_isim_beh.exe
     -simmode  gui
     -simrunnum  0
     -socket  7327

Sat Oct 12 11:04:38 2019


 Elaboration Time: 0.046875 sec

 Current Memory Usage: 5164.14 Meg

 Total Signals          : 17
 Total Nets             : 26
 Total Signal Drivers   : 9
 Total Blocks           : 3
 Total Primitive Blocks : 2
 Total Processes        : 14
 Total Traceable Variables  : 22
 Total Scalar Nets and Variables : 119
Total Line Count : 24

 Total Simulation Time: 0.078125 sec

 Current Memory Usage: 5478.71 Meg

Sat Oct 12 11:05:34 2019

