Command line:
   demux_tb_isim_beh.exe
     -simmode  gui
     -simrunnum  0
     -socket  10797

Wed Oct 02 23:51:37 2019


 Elaboration Time: 0.03125 sec

 Current Memory Usage: 5164.11 Meg

 Total Signals          : 16
 Total Nets             : 20
 Total Signal Drivers   : 8
 Total Blocks           : 3
 Total Primitive Blocks : 2
 Total Processes        : 13
 Total Traceable Variables  : 21
 Total Scalar Nets and Variables : 107
Total Line Count : 29

 Total Simulation Time: 0.03125 sec

 Current Memory Usage: 4692.25 Meg

Wed Oct 02 23:55:15 2019

