Command line:
   decoder38_tb_isim_beh.exe
     -simmode  gui
     -simrunnum  0
     -socket  9764

Sun Oct 06 18:18:56 2019


 Elaboration Time: 0.03125 sec

 Current Memory Usage: 5164.67 Meg

 Total Signals          : 17
 Total Nets             : 24
 Total Signal Drivers   : 9
 Total Blocks           : 3
 Total Primitive Blocks : 2
 Total Processes        : 12
 Total Traceable Variables  : 22
 Total Scalar Nets and Variables : 115
Total Line Count : 34

 Total Simulation Time: 0.03125 sec

 Current Memory Usage: 4692.81 Meg

Sun Oct 06 18:42:32 2019

