Command line:
   tb_isim_beh.exe
     -simmode  gui
     -simrunnum  0
     -socket  1212

Wed Oct 16 16:02:25 2019


 Elaboration Time: 0.03125 sec

 Current Memory Usage: 5164.06 Meg

 Total Signals          : 16
 Total Nets             : 16
 Total Signal Drivers   : 8
 Total Blocks           : 3
 Total Primitive Blocks : 2
 Total Processes        : 12
 Total Traceable Variables  : 22
 Total Scalar Nets and Variables : 131
Total Line Count : 30

 Total Simulation Time: 0.03125 sec

 Current Memory Usage: 5164.06 Meg

Wed Oct 16 16:02:50 2019

