Running: D:\Xilinx\14.7\ISE_DS\ISE\bin\nt64\unwrapped\fuse.exe -intstyle ise -incremental -lib unisims_ver -lib unimacro_ver -lib xilinxcorelib_ver -o C:/Users/kyun/Desktop/lab_07/my_application_by_FSM_Moore/tb_isim_beh.exe -prj C:/Users/kyun/Desktop/lab_07/my_application_by_FSM_Moore/tb_beh.prj work.tb work.glbl 
ISim P.20131013 (signature 0x7708f090)
Number of CPUs detected in this system: 12
Turning on mult-threading, number of parallel sub-compilation jobs: 24 
Determining compilation order of HDL files
Analyzing Verilog file "C:/Users/kyun/Desktop/lab_07/my_application_by_FSM_Moore/my_applicaton_FSM.v" into library work
Analyzing Verilog file "C:/Users/kyun/Desktop/lab_07/my_application_by_FSM_Moore/tb.v" into library work
Analyzing Verilog file "D:/Xilinx/14.7/ISE_DS/ISE//verilog/src/glbl.v" into library work
Starting static elaboration
WARNING:HDLCompiler:1016 - "C:/Users/kyun/Desktop/lab_07/my_application_by_FSM_Moore/tb.v" Line 37: Port state is not connected to this instance
Completed static elaboration
Compiling module my_applicaton
Compiling module tb
Compiling module glbl
Time Resolution for simulation is 1ps.
WARNING:Simulator - Unable to copy libPortabilityNOSH.dll to the simulation executable directory: boost::filesystem::copy_file: 지정된 경로를 찾을 수 없습니다, "isim\tb_isim_beh.exe.sim\libPortability.dll".
Compiled 3 Verilog Units
Built simulation executable C:/Users/kyun/Desktop/lab_07/my_application_by_FSM_Moore/tb_isim_beh.exe
Fuse Memory Usage: 27312 KB
Fuse CPU Usage: 375 ms
