Command line:
   tb_isim_beh.exe
     -simmode  gui
     -simrunnum  0
     -socket  14619

Tue Oct 22 21:27:42 2019


 Elaboration Time: 0.046875 sec

 Current Memory Usage: 5164.68 Meg

 Total Signals          : 18
 Total Nets             : 24
 Total Signal Drivers   : 11
 Total Blocks           : 3
 Total Primitive Blocks : 2
 Total Processes        : 20
 Total Traceable Variables  : 35
 Total Scalar Nets and Variables : 138
Total Line Count : 65

 Total Simulation Time: 0.046875 sec

 Current Memory Usage: 4692.82 Meg

Tue Oct 22 23:12:31 2019

