Command line:
   tb_isim_beh.exe
     -simmode  gui
     -simrunnum  0
     -socket  12800

Thu Oct 03 11:02:18 2019


 Elaboration Time: 0.03125 sec

 Current Memory Usage: 5164.11 Meg

 Total Signals          : 15
 Total Nets             : 18
 Total Signal Drivers   : 7
 Total Blocks           : 3
 Total Primitive Blocks : 2
 Total Processes        : 11
 Total Traceable Variables  : 20
 Total Scalar Nets and Variables : 103
Total Line Count : 24

 Total Simulation Time: 0.03125 sec

 Current Memory Usage: 5164.11 Meg

Thu Oct 03 11:02:27 2019

