Command line:
   encoder42_isim_beh.exe
     -simmode  gui
     -simrunnum  0
     -socket  9373

Sun Oct 06 17:57:45 2019


 Elaboration Time: 0.03125 sec

 Current Memory Usage: 5164.12 Meg

 Total Signals          : 14
 Total Nets             : 19
 Total Signal Drivers   : 6
 Total Blocks           : 2
 Total Primitive Blocks : 2
 Total Processes        : 8
 Total Traceable Variables  : 19
 Total Scalar Nets and Variables : 101
Total Line Count : 21

 Total Simulation Time: 0.03125 sec

 Current Memory Usage: 5164.12 Meg

Sun Oct 06 17:57:48 2019

