Command line:
   full_adder_isim_beh.exe
     -simmode  gui
     -simrunnum  0
     -socket  9758

Wed Sep 25 00:21:03 2019


 Elaboration Time: 0.015625 sec

 Current Memory Usage: 5164.06 Meg

 Total Signals          : 21
 Total Nets             : 21
 Total Signal Drivers   : 10
 Total Blocks           : 2
 Total Primitive Blocks : 2
 Total Processes        : 11
 Total Traceable Variables  : 18
 Total Scalar Nets and Variables : 101
Total Line Count : 14

 Total Simulation Time: 0.015625 sec

 Current Memory Usage: 5164.06 Meg

Wed Sep 25 00:21:09 2019

